2016-Jul-12 22:07:53 Наличие необходимых модулей php (check_php_modules): Fail
Ошибка! Не установлены требуемые расширения:Поддержка ssl не настроена в php
2016-Jul-12 22:07:56 Обязательные параметры PHP (check_php_settings): Fail
Ошибка! Значение max_input_vars должно быть не ниже 10000. Текущее значение: 1000
2016-Jul-12 22:07:59 Модули веб-сервера (check_security): Ok
Конфликтов не выявлено
2016-Jul-12 22:07:59 Значения переменных сервера (check_server_vars): Fail
Ошибка! Текущий домен не валидный (vuchebe). Может содержать только цифры, латинские буквы и дефис. Должен содержать точку.
2016-Jul-12 22:08:00 Сохранение сессии (check_session): Ok
50% done
2016-Jul-12 22:08:01 Сохранение сессии (check_session): Ok
Успешно
2016-Jul-12 22:08:02 Параметры настройки UTF (mbstring и константа BX_UTF) (check_mbstring): Ok
Правильные. Сайт работает в UTF кодировке
2016-Jul-12 22:08:03 Служебные скрипты в корне сайта (check_install_scripts): Ok
Отсутствуют
2016-Jul-12 22:08:04 Работа с сокетами (check_socket): Ok
Connection to vuchebe:80	Success

Успешно
2016-Jul-12 22:08:05 Параметры подключения к базе данных (check_dbconn_settings): Ok
Успешно
2016-Jul-12 22:08:09 Лишний вывод в файлах конфигурации (check_dbconn): Ok
Connection to vuchebe:80	Success

Успешно
2016-Jul-12 22:08:10 Выполнение агентов на cron (check_bx_crontab): Warning
Замечание. Агенты выполняются на хитах, рекомендуется перевести выполнение агентов на cron
2016-Jul-12 22:08:10 Сохранение сессии без UserAgent (check_session_ua): Ok
50% done
Connection to vuchebe:80	Success

2016-Jul-12 22:08:11 Сохранение сессии без UserAgent (check_session_ua): Ok
Connection to vuchebe:80	Success

Успешно
2016-Jul-12 22:08:12 Настройки сайтов (check_sites): Ok
Правильные
2016-Jul-12 22:08:13 Передача объектов по ссылке (check_clone): Ok
Успешно
