2014-04-09 23:23:58 -  - exec CUpdateClientPartner::GetUpdatesList
2014-04-09 23:23:58 -  - exec CUpdateClientPartner::__CollectRequestData
2014-04-09 23:23:58 -  - utf=Y&lang=ru&stable=Y&CANGZIP=Y&SUPD_DBS=MYSQL&XE=N&CLIENT_SITE=zs&LICENSE_KEY=X&SUPD_STS=1&SUPD_URS=0&SUPD_URSA=1&TYPENC=D&CLIENT_PHPVER=5.3.13&dbv=5.5.25&instm=main%2C14.0.6%2CY%3Baltasib.photoplayer1mod%2C1.1.3%2CN%3Bbitrix.sitecorporate%2C14.0.0%2CN%3Bbitrixcloud%2C14.0.2%2CN%3Bclouds%2C14.0.0%2CN%3Bcompression%2C14.0.0%2CN%3Bfileman%2C14.0.1%2CN%3Bhighloadblock%2C14.0.3%2CN%3Biblock%2C14.0.4%2CN%3Bperfmon%2C14.0.0%2CN%3Bsearch%2C14.0.0%2CN%3Bseo%2C14.0.2%2CN%3Bsocialservices%2C14.0.1%2CN&reqm=altasib.photoplayer1mod%2Cbitrix.sitecorporate&fullmoduleinfo=Y
2014-04-09 23:23:58 -  - exec CUpdateClientPartner::GetHTTPPage
2014-04-09 23:24:02 -  - TIME GetUpdatesList(request) 4.206 sec
2014-04-09 23:24:02 -  - exec CUpdateClientPartner::ParseServerData
2014-04-09 23:24:10 -  - exec CUpdateClientPartner::GetUpdatesList
2014-04-09 23:24:10 -  - exec CUpdateClientPartner::__CollectRequestData
2014-04-09 23:24:10 -  - utf=Y&lang=ru&stable=Y&CANGZIP=Y&SUPD_DBS=MYSQL&XE=N&CLIENT_SITE=zs&LICENSE_KEY=X&SUPD_STS=1&SUPD_URS=0&SUPD_URSA=1&TYPENC=D&CLIENT_PHPVER=5.3.13&dbv=5.5.25&instm=main%2C14.0.6%2CY%3Baltasib.photoplayer1mod%2C1.1.3%2CN%3Bbitrix.sitecorporate%2C14.0.0%2CN%3Bbitrixcloud%2C14.0.2%2CN%3Bclouds%2C14.0.0%2CN%3Bcompression%2C14.0.0%2CN%3Bfileman%2C14.0.1%2CN%3Bhighloadblock%2C14.0.3%2CN%3Biblock%2C14.0.4%2CN%3Bperfmon%2C14.0.0%2CN%3Bsearch%2C14.0.0%2CN%3Bseo%2C14.0.2%2CN%3Bsocialservices%2C14.0.1%2CN&reqm=altasib.photoplayer1mod%2Cbitrix.sitecorporate&fullmoduleinfo=Y
2014-04-09 23:24:10 -  - exec CUpdateClientPartner::GetHTTPPage
2014-04-09 23:24:11 -  - TIME GetUpdatesList(request) 0.695 sec
2014-04-09 23:24:11 -  - exec CUpdateClientPartner::ParseServerData
2014-04-09 23:34:37 -  - exec CUpdateClientPartner::GetUpdatesList
2014-04-09 23:34:37 -  - exec CUpdateClientPartner::__CollectRequestData
2014-04-09 23:34:37 -  - utf=Y&lang=ru&stable=Y&CANGZIP=Y&SUPD_DBS=MYSQL&XE=N&CLIENT_SITE=zs&LICENSE_KEY=X&SUPD_STS=1&SUPD_URS=0&SUPD_URSA=1&TYPENC=D&CLIENT_PHPVER=5.3.13&dbv=5.5.25&instm=main%2C14.0.6%2CY%3Baltasib.photoplayer1mod%2C1.1.3%2CN%3Bbitrix.sitecorporate%2C14.0.0%2CN%3Bbitrixcloud%2C14.0.2%2CN%3Bclouds%2C14.0.0%2CN%3Bcompression%2C14.0.0%2CN%3Bfileman%2C14.0.1%2CN%3Bhighloadblock%2C14.0.3%2CN%3Biblock%2C14.0.4%2CN%3Bperfmon%2C14.0.0%2CN%3Bsearch%2C14.0.0%2CN%3Bseo%2C14.0.2%2CN%3Bsocialservices%2C14.0.1%2CN&reqm=altasib.photoplayer1mod%2Cbitrix.sitecorporate&fullmoduleinfo=Y
2014-04-09 23:34:37 -  - exec CUpdateClientPartner::GetHTTPPage
2014-04-09 23:34:41 -  - TIME GetUpdatesList(request) 3.756 sec
2014-04-09 23:34:41 -  - exec CUpdateClientPartner::ParseServerData
2014-04-10 21:50:26 -  - exec CUpdateClientPartner::GetUpdatesList
2014-04-10 21:50:26 -  - exec CUpdateClientPartner::__CollectRequestData
2014-04-10 21:50:26 -  - utf=Y&lang=ru&stable=Y&CANGZIP=Y&SUPD_DBS=MYSQL&XE=N&CLIENT_SITE=zs&LICENSE_KEY=X&SUPD_STS=1&SUPD_URS=0&SUPD_URSA=1&TYPENC=D&CLIENT_PHPVER=5.3.13&dbv=5.5.25&instm=main%2C14.0.6%2CY%3Baltasib.photoplayer1mod%2C1.1.3%2CN%3Bbitrix.sitecorporate%2C14.0.0%2CN%3Bbitrixcloud%2C14.0.2%2CN%3Bclouds%2C14.0.0%2CN%3Bcompression%2C14.0.0%2CN%3Bfileman%2C14.0.1%2CN%3Bhighloadblock%2C14.0.3%2CN%3Biblock%2C14.0.4%2CN%3Bperfmon%2C14.0.0%2CN%3Bsearch%2C14.0.0%2CN%3Bseo%2C14.0.2%2CN%3Bsocialservices%2C14.0.1%2CN&reqm=altasib.photoplayer1mod%2Cbitrix.sitecorporate&fullmoduleinfo=Y
2014-04-10 21:50:26 -  - exec CUpdateClientPartner::GetHTTPPage
2014-04-10 21:50:27 -  - TIME GetUpdatesList(request) 1.239 sec
2014-04-10 21:50:27 -  - exec CUpdateClientPartner::ParseServerData
2014-04-10 22:00:27 -  - exec CUpdateClientPartner::GetUpdatesList
2014-04-10 22:00:27 -  - exec CUpdateClientPartner::__CollectRequestData
2014-04-10 22:00:27 -  - utf=Y&lang=ru&stable=Y&CANGZIP=Y&SUPD_DBS=MYSQL&XE=N&CLIENT_SITE=zs&LICENSE_KEY=X&SUPD_STS=1&SUPD_URS=0&SUPD_URSA=1&TYPENC=D&CLIENT_PHPVER=5.3.13&dbv=5.5.25&instm=main%2C14.0.6%2CY%3Baltasib.photoplayer1mod%2C1.1.3%2CN%3Bbitrix.sitecorporate%2C14.0.0%2CN%3Bbitrixcloud%2C14.0.2%2CN%3Bclouds%2C14.0.0%2CN%3Bcompression%2C14.0.0%2CN%3Bfileman%2C14.0.1%2CN%3Bhighloadblock%2C14.0.3%2CN%3Biblock%2C14.0.4%2CN%3Bperfmon%2C14.0.0%2CN%3Bsearch%2C14.0.0%2CN%3Bseo%2C14.0.2%2CN%3Bsocialservices%2C14.0.1%2CN&reqm=altasib.photoplayer1mod%2Cbitrix.sitecorporate&fullmoduleinfo=Y
2014-04-10 22:00:27 -  - exec CUpdateClientPartner::GetHTTPPage
2014-04-10 22:00:30 -  - TIME GetUpdatesList(request) 3.676 sec
2014-04-10 22:00:30 -  - exec CUpdateClientPartner::ParseServerData
2014-04-10 22:02:17 -  - exec CUpdateClientPartner::GetUpdatesList
2014-04-10 22:02:17 -  - exec CUpdateClientPartner::__CollectRequestData
2014-04-10 22:02:17 -  - utf=Y&lang=ru&stable=Y&CANGZIP=Y&SUPD_DBS=MYSQL&XE=N&CLIENT_SITE=zs&LICENSE_KEY=X&SUPD_STS=1&SUPD_URS=0&SUPD_URSA=1&TYPENC=D&CLIENT_PHPVER=5.3.13&dbv=5.5.25&instm=main%2C14.0.6%2CY%3Baltasib.photoplayer1mod%2C1.1.3%2CN%3Bbitrix.sitecorporate%2C14.0.0%2CN%3Bbitrixcloud%2C14.0.2%2CN%3Bclouds%2C14.0.0%2CN%3Bcompression%2C14.0.0%2CN%3Bfileman%2C14.0.1%2CN%3Bhighloadblock%2C14.0.3%2CN%3Biblock%2C14.0.4%2CN%3Bperfmon%2C14.0.0%2CN%3Bsearch%2C14.0.0%2CN%3Bseo%2C14.0.2%2CN%3Bsocialservices%2C14.0.1%2CN&reqm=altasib.photoplayer1mod%2Cbitrix.sitecorporate&fullmoduleinfo=Y
2014-04-10 22:02:17 -  - exec CUpdateClientPartner::GetHTTPPage
2014-04-10 22:02:22 -  - TIME GetUpdatesList(request) 4.654 sec
2014-04-10 22:02:22 -  - exec CUpdateClientPartner::ParseServerData
