2014-02-19 10:41:14 - PHP Notice:  Error: MySQL server has gone away<br />Error No: 2006<br />UPDATE magaz_currency SET value = '35.702', date_modified = '2014-02-19 10:41:14' WHERE code = 'RUB' in /home/c5597/public_html/www.rostavto.com/magazin/system/database/mysql.php on line 50
2014-08-20 13:08:04 - PHP Notice:  Undefined index: name in /home/c5597/public_html/www.rostavto.com/magazin/admin/view/template/catalog/product_list.tpl on line 113
2014-08-20 13:08:04 - PHP Notice:  Undefined index: name in /home/c5597/public_html/www.rostavto.com/magazin/admin/view/template/catalog/product_list.tpl on line 113
2014-10-30 10:00:27 - PHP Notice:  Undefined variable: limit in /home/c5597/public_html/www.rostavto.com/magazin/catalog/view/theme/default/template/module/brand_model_search.tpl on line 17
2014-10-30 10:00:27 - PHP Notice:  Undefined variable: limit in /home/c5597/public_html/www.rostavto.com/magazin/catalog/view/theme/default/template/module/brand_model_search.tpl on line 17
2014-10-30 10:00:27 - PHP Notice:  Undefined variable: limit in /home/c5597/public_html/www.rostavto.com/magazin/catalog/view/theme/default/template/module/brand_model_search.tpl on line 17
2014-10-30 10:00:27 - PHP Notice:  Undefined variable: limit in /home/c5597/public_html/www.rostavto.com/magazin/catalog/view/theme/default/template/module/brand_model_search.tpl on line 17
2014-10-30 10:00:27 - PHP Notice:  Undefined variable: limit in /home/c5597/public_html/www.rostavto.com/magazin/catalog/view/theme/default/template/module/brand_model_search.tpl on line 17
2014-10-30 10:00:27 - PHP Notice:  Undefined variable: sort in /home/c5597/public_html/www.rostavto.com/magazin/catalog/view/theme/default/template/module/brand_model_search.tpl on line 28
2014-10-30 10:00:27 - PHP Notice:  Undefined variable: order in /home/c5597/public_html/www.rostavto.com/magazin/catalog/view/theme/default/template/module/brand_model_search.tpl on line 28
2014-10-30 10:00:27 - PHP Notice:  Undefined variable: sort in /home/c5597/public_html/www.rostavto.com/magazin/catalog/view/theme/default/template/module/brand_model_search.tpl on line 28
2014-10-30 10:00:27 - PHP Notice:  Undefined variable: order in /home/c5597/public_html/www.rostavto.com/magazin/catalog/view/theme/default/template/module/brand_model_search.tpl on line 28
2014-10-30 10:00:27 - PHP Notice:  Undefined variable: sort in /home/c5597/public_html/www.rostavto.com/magazin/catalog/view/theme/default/template/module/brand_model_search.tpl on line 28
2014-10-30 10:00:27 - PHP Notice:  Undefined variable: order in /home/c5597/public_html/www.rostavto.com/magazin/catalog/view/theme/default/template/module/brand_model_search.tpl on line 28
2014-10-30 10:00:27 - PHP Notice:  Undefined variable: sort in /home/c5597/public_html/www.rostavto.com/magazin/catalog/view/theme/default/template/module/brand_model_search.tpl on line 28
2014-10-30 10:00:27 - PHP Notice:  Undefined variable: order in /home/c5597/public_html/www.rostavto.com/magazin/catalog/view/theme/default/template/module/brand_model_search.tpl on line 28
2014-10-30 10:00:27 - PHP Notice:  Undefined variable: sort in /home/c5597/public_html/www.rostavto.com/magazin/catalog/view/theme/default/template/module/brand_model_search.tpl on line 28
2014-10-30 10:00:27 - PHP Notice:  Undefined variable: order in /home/c5597/public_html/www.rostavto.com/magazin/catalog/view/theme/default/template/module/brand_model_search.tpl on line 28
2014-10-30 10:00:27 - PHP Notice:  Undefined variable: sort in /home/c5597/public_html/www.rostavto.com/magazin/catalog/view/theme/default/template/module/brand_model_search.tpl on line 28
2014-10-30 10:00:27 - PHP Notice:  Undefined variable: order in /home/c5597/public_html/www.rostavto.com/magazin/catalog/view/theme/default/template/module/brand_model_search.tpl on line 28
2014-10-30 10:00:27 - PHP Notice:  Undefined variable: sort in /home/c5597/public_html/www.rostavto.com/magazin/catalog/view/theme/default/template/module/brand_model_search.tpl on line 28
2014-10-30 10:00:27 - PHP Notice:  Undefined variable: order in /home/c5597/public_html/www.rostavto.com/magazin/catalog/view/theme/default/template/module/brand_model_search.tpl on line 28
2014-10-30 10:00:27 - PHP Notice:  Undefined variable: compare in /home/c5597/public_html/www.rostavto.com/magazin/catalog/view/theme/default/template/module/brand_model_search.tpl on line 37
2014-10-30 10:01:00 - PHP Notice:  Undefined variable: limit in /home/c5597/public_html/www.rostavto.com/magazin/catalog/view/theme/default/template/module/brand_model_search.tpl on line 17
2014-10-30 10:01:00 - PHP Notice:  Undefined variable: limit in /home/c5597/public_html/www.rostavto.com/magazin/catalog/view/theme/default/template/module/brand_model_search.tpl on line 17
2014-10-30 10:01:00 - PHP Notice:  Undefined variable: limit in /home/c5597/public_html/www.rostavto.com/magazin/catalog/view/theme/default/template/module/brand_model_search.tpl on line 17
2014-10-30 10:01:00 - PHP Notice:  Undefined variable: limit in /home/c5597/public_html/www.rostavto.com/magazin/catalog/view/theme/default/template/module/brand_model_search.tpl on line 17
2014-10-30 10:01:00 - PHP Notice:  Undefined variable: limit in /home/c5597/public_html/www.rostavto.com/magazin/catalog/view/theme/default/template/module/brand_model_search.tpl on line 17
2014-10-30 10:01:00 - PHP Notice:  Undefined variable: sort in /home/c5597/public_html/www.rostavto.com/magazin/catalog/view/theme/default/template/module/brand_model_search.tpl on line 28
2014-10-30 10:01:00 - PHP Notice:  Undefined variable: order in /home/c5597/public_html/www.rostavto.com/magazin/catalog/view/theme/default/template/module/brand_model_search.tpl on line 28
2014-10-30 10:01:00 - PHP Notice:  Undefined variable: sort in /home/c5597/public_html/www.rostavto.com/magazin/catalog/view/theme/default/template/module/brand_model_search.tpl on line 28
2014-10-30 10:01:00 - PHP Notice:  Undefined variable: order in /home/c5597/public_html/www.rostavto.com/magazin/catalog/view/theme/default/template/module/brand_model_search.tpl on line 28
2014-10-30 10:01:00 - PHP Notice:  Undefined variable: sort in /home/c5597/public_html/www.rostavto.com/magazin/catalog/view/theme/default/template/module/brand_model_search.tpl on line 28
2014-10-30 10:01:00 - PHP Notice:  Undefined variable: order in /home/c5597/public_html/www.rostavto.com/magazin/catalog/view/theme/default/template/module/brand_model_search.tpl on line 28
2014-10-30 10:01:00 - PHP Notice:  Undefined variable: sort in /home/c5597/public_html/www.rostavto.com/magazin/catalog/view/theme/default/template/module/brand_model_search.tpl on line 28
2014-10-30 10:01:00 - PHP Notice:  Undefined variable: order in /home/c5597/public_html/www.rostavto.com/magazin/catalog/view/theme/default/template/module/brand_model_search.tpl on line 28
2014-10-30 10:01:00 - PHP Notice:  Undefined variable: sort in /home/c5597/public_html/www.rostavto.com/magazin/catalog/view/theme/default/template/module/brand_model_search.tpl on line 28
2014-10-30 10:01:00 - PHP Notice:  Undefined variable: order in /home/c5597/public_html/www.rostavto.com/magazin/catalog/view/theme/default/template/module/brand_model_search.tpl on line 28
2014-10-30 10:01:00 - PHP Notice:  Undefined variable: sort in /home/c5597/public_html/www.rostavto.com/magazin/catalog/view/theme/default/template/module/brand_model_search.tpl on line 28
2014-10-30 10:01:00 - PHP Notice:  Undefined variable: order in /home/c5597/public_html/www.rostavto.com/magazin/catalog/view/theme/default/template/module/brand_model_search.tpl on line 28
2014-10-30 10:01:00 - PHP Notice:  Undefined variable: sort in /home/c5597/public_html/www.rostavto.com/magazin/catalog/view/theme/default/template/module/brand_model_search.tpl on line 28
2014-10-30 10:01:00 - PHP Notice:  Undefined variable: order in /home/c5597/public_html/www.rostavto.com/magazin/catalog/view/theme/default/template/module/brand_model_search.tpl on line 28
2014-10-30 10:01:00 - PHP Notice:  Undefined variable: compare in /home/c5597/public_html/www.rostavto.com/magazin/catalog/view/theme/default/template/module/brand_model_search.tpl on line 37
2014-10-30 10:30:01 - PHP Notice:  Undefined variable: limit in /home/c5597/public_html/www.rostavto.com/magazin/catalog/view/theme/default/template/module/brand_model_search.tpl on line 17
2014-10-30 10:30:01 - PHP Notice:  Undefined variable: limit in /home/c5597/public_html/www.rostavto.com/magazin/catalog/view/theme/default/template/module/brand_model_search.tpl on line 17
2014-10-30 10:30:01 - PHP Notice:  Undefined variable: limit in /home/c5597/public_html/www.rostavto.com/magazin/catalog/view/theme/default/template/module/brand_model_search.tpl on line 17
2014-10-30 10:30:01 - PHP Notice:  Undefined variable: limit in /home/c5597/public_html/www.rostavto.com/magazin/catalog/view/theme/default/template/module/brand_model_search.tpl on line 17
2014-10-30 10:30:01 - PHP Notice:  Undefined variable: limit in /home/c5597/public_html/www.rostavto.com/magazin/catalog/view/theme/default/template/module/brand_model_search.tpl on line 17
2014-10-30 10:30:01 - PHP Notice:  Undefined variable: sort in /home/c5597/public_html/www.rostavto.com/magazin/catalog/view/theme/default/template/module/brand_model_search.tpl on line 28
2014-10-30 10:30:01 - PHP Notice:  Undefined variable: order in /home/c5597/public_html/www.rostavto.com/magazin/catalog/view/theme/default/template/module/brand_model_search.tpl on line 28
2014-10-30 10:30:01 - PHP Notice:  Undefined variable: sort in /home/c5597/public_html/www.rostavto.com/magazin/catalog/view/theme/default/template/module/brand_model_search.tpl on line 28
2014-10-30 10:30:01 - PHP Notice:  Undefined variable: order in /home/c5597/public_html/www.rostavto.com/magazin/catalog/view/theme/default/template/module/brand_model_search.tpl on line 28
2014-10-30 10:30:01 - PHP Notice:  Undefined variable: sort in /home/c5597/public_html/www.rostavto.com/magazin/catalog/view/theme/default/template/module/brand_model_search.tpl on line 28
2014-10-30 10:30:01 - PHP Notice:  Undefined variable: order in /home/c5597/public_html/www.rostavto.com/magazin/catalog/view/theme/default/template/module/brand_model_search.tpl on line 28
2014-10-30 10:30:01 - PHP Notice:  Undefined variable: sort in /home/c5597/public_html/www.rostavto.com/magazin/catalog/view/theme/default/template/module/brand_model_search.tpl on line 28
2014-10-30 10:30:01 - PHP Notice:  Undefined variable: order in /home/c5597/public_html/www.rostavto.com/magazin/catalog/view/theme/default/template/module/brand_model_search.tpl on line 28
2014-10-30 10:30:01 - PHP Notice:  Undefined variable: sort in /home/c5597/public_html/www.rostavto.com/magazin/catalog/view/theme/default/template/module/brand_model_search.tpl on line 28
2014-10-30 10:30:01 - PHP Notice:  Undefined variable: order in /home/c5597/public_html/www.rostavto.com/magazin/catalog/view/theme/default/template/module/brand_model_search.tpl on line 28
2014-10-30 10:30:01 - PHP Notice:  Undefined variable: sort in /home/c5597/public_html/www.rostavto.com/magazin/catalog/view/theme/default/template/module/brand_model_search.tpl on line 28
2014-10-30 10:30:01 - PHP Notice:  Undefined variable: order in /home/c5597/public_html/www.rostavto.com/magazin/catalog/view/theme/default/template/module/brand_model_search.tpl on line 28
2014-10-30 10:30:01 - PHP Notice:  Undefined variable: sort in /home/c5597/public_html/www.rostavto.com/magazin/catalog/view/theme/default/template/module/brand_model_search.tpl on line 28
2014-10-30 10:30:01 - PHP Notice:  Undefined variable: order in /home/c5597/public_html/www.rostavto.com/magazin/catalog/view/theme/default/template/module/brand_model_search.tpl on line 28
2014-10-30 10:30:01 - PHP Notice:  Undefined variable: compare in /home/c5597/public_html/www.rostavto.com/magazin/catalog/view/theme/default/template/module/brand_model_search.tpl on line 37
2014-11-04 5:17:42 - PHP Notice:  Undefined variable: model in /home/c5597/public_html/www.rostavto.com/magazin/catalog/controller/module/brand_model.php on line 121
2014-11-12 9:33:19 - PHP Notice:  Undefined variable: limit in /home/c5597/public_html/www.rostavto.com/magazin/catalog/view/theme/default/template/module/brand_model_search.tpl on line 17
2014-11-12 9:33:19 - PHP Notice:  Undefined variable: limit in /home/c5597/public_html/www.rostavto.com/magazin/catalog/view/theme/default/template/module/brand_model_search.tpl on line 17
2014-11-12 9:33:19 - PHP Notice:  Undefined variable: limit in /home/c5597/public_html/www.rostavto.com/magazin/catalog/view/theme/default/template/module/brand_model_search.tpl on line 17
2014-11-12 9:33:19 - PHP Notice:  Undefined variable: limit in /home/c5597/public_html/www.rostavto.com/magazin/catalog/view/theme/default/template/module/brand_model_search.tpl on line 17
2014-11-12 9:33:19 - PHP Notice:  Undefined variable: limit in /home/c5597/public_html/www.rostavto.com/magazin/catalog/view/theme/default/template/module/brand_model_search.tpl on line 17
2014-11-12 9:33:19 - PHP Notice:  Undefined variable: sort in /home/c5597/public_html/www.rostavto.com/magazin/catalog/view/theme/default/template/module/brand_model_search.tpl on line 28
2014-11-12 9:33:19 - PHP Notice:  Undefined variable: order in /home/c5597/public_html/www.rostavto.com/magazin/catalog/view/theme/default/template/module/brand_model_search.tpl on line 28
2014-11-12 9:33:19 - PHP Notice:  Undefined variable: sort in /home/c5597/public_html/www.rostavto.com/magazin/catalog/view/theme/default/template/module/brand_model_search.tpl on line 28
2014-11-12 9:33:19 - PHP Notice:  Undefined variable: order in /home/c5597/public_html/www.rostavto.com/magazin/catalog/view/theme/default/template/module/brand_model_search.tpl on line 28
2014-11-12 9:33:19 - PHP Notice:  Undefined variable: sort in /home/c5597/public_html/www.rostavto.com/magazin/catalog/view/theme/default/template/module/brand_model_search.tpl on line 28
2014-11-12 9:33:19 - PHP Notice:  Undefined variable: order in /home/c5597/public_html/www.rostavto.com/magazin/catalog/view/theme/default/template/module/brand_model_search.tpl on line 28
2014-11-12 9:33:19 - PHP Notice:  Undefined variable: sort in /home/c5597/public_html/www.rostavto.com/magazin/catalog/view/theme/default/template/module/brand_model_search.tpl on line 28
2014-11-12 9:33:19 - PHP Notice:  Undefined variable: order in /home/c5597/public_html/www.rostavto.com/magazin/catalog/view/theme/default/template/module/brand_model_search.tpl on line 28
2014-11-12 9:33:19 - PHP Notice:  Undefined variable: sort in /home/c5597/public_html/www.rostavto.com/magazin/catalog/view/theme/default/template/module/brand_model_search.tpl on line 28
2014-11-12 9:33:19 - PHP Notice:  Undefined variable: order in /home/c5597/public_html/www.rostavto.com/magazin/catalog/view/theme/default/template/module/brand_model_search.tpl on line 28
2014-11-12 9:33:19 - PHP Notice:  Undefined variable: sort in /home/c5597/public_html/www.rostavto.com/magazin/catalog/view/theme/default/template/module/brand_model_search.tpl on line 28
2014-11-12 9:33:19 - PHP Notice:  Undefined variable: order in /home/c5597/public_html/www.rostavto.com/magazin/catalog/view/theme/default/template/module/brand_model_search.tpl on line 28
2014-11-12 9:33:19 - PHP Notice:  Undefined variable: sort in /home/c5597/public_html/www.rostavto.com/magazin/catalog/view/theme/default/template/module/brand_model_search.tpl on line 28
2014-11-12 9:33:19 - PHP Notice:  Undefined variable: order in /home/c5597/public_html/www.rostavto.com/magazin/catalog/view/theme/default/template/module/brand_model_search.tpl on line 28
2014-11-12 9:33:19 - PHP Notice:  Undefined variable: compare in /home/c5597/public_html/www.rostavto.com/magazin/catalog/view/theme/default/template/module/brand_model_search.tpl on line 37
2014-11-14 14:14:27 - PHP Notice:  Undefined variable: limit in /home/c5597/public_html/www.rostavto.com/magazin/catalog/view/theme/default/template/module/brand_model_search.tpl on line 17
2014-11-14 14:14:27 - PHP Notice:  Undefined variable: limit in /home/c5597/public_html/www.rostavto.com/magazin/catalog/view/theme/default/template/module/brand_model_search.tpl on line 17
2014-11-14 14:14:27 - PHP Notice:  Undefined variable: limit in /home/c5597/public_html/www.rostavto.com/magazin/catalog/view/theme/default/template/module/brand_model_search.tpl on line 17
2014-11-14 14:14:27 - PHP Notice:  Undefined variable: limit in /home/c5597/public_html/www.rostavto.com/magazin/catalog/view/theme/default/template/module/brand_model_search.tpl on line 17
2014-11-14 14:14:27 - PHP Notice:  Undefined variable: limit in /home/c5597/public_html/www.rostavto.com/magazin/catalog/view/theme/default/template/module/brand_model_search.tpl on line 17
2014-11-14 14:14:27 - PHP Notice:  Undefined variable: sort in /home/c5597/public_html/www.rostavto.com/magazin/catalog/view/theme/default/template/module/brand_model_search.tpl on line 28
2014-11-14 14:14:27 - PHP Notice:  Undefined variable: order in /home/c5597/public_html/www.rostavto.com/magazin/catalog/view/theme/default/template/module/brand_model_search.tpl on line 28
2014-11-14 14:14:27 - PHP Notice:  Undefined variable: sort in /home/c5597/public_html/www.rostavto.com/magazin/catalog/view/theme/default/template/module/brand_model_search.tpl on line 28
2014-11-14 14:14:27 - PHP Notice:  Undefined variable: order in /home/c5597/public_html/www.rostavto.com/magazin/catalog/view/theme/default/template/module/brand_model_search.tpl on line 28
2014-11-14 14:14:27 - PHP Notice:  Undefined variable: sort in /home/c5597/public_html/www.rostavto.com/magazin/catalog/view/theme/default/template/module/brand_model_search.tpl on line 28
2014-11-14 14:14:27 - PHP Notice:  Undefined variable: order in /home/c5597/public_html/www.rostavto.com/magazin/catalog/view/theme/default/template/module/brand_model_search.tpl on line 28
2014-11-14 14:14:27 - PHP Notice:  Undefined variable: sort in /home/c5597/public_html/www.rostavto.com/magazin/catalog/view/theme/default/template/module/brand_model_search.tpl on line 28
2014-11-14 14:14:27 - PHP Notice:  Undefined variable: order in /home/c5597/public_html/www.rostavto.com/magazin/catalog/view/theme/default/template/module/brand_model_search.tpl on line 28
2014-11-14 14:14:27 - PHP Notice:  Undefined variable: sort in /home/c5597/public_html/www.rostavto.com/magazin/catalog/view/theme/default/template/module/brand_model_search.tpl on line 28
2014-11-14 14:14:27 - PHP Notice:  Undefined variable: order in /home/c5597/public_html/www.rostavto.com/magazin/catalog/view/theme/default/template/module/brand_model_search.tpl on line 28
2014-11-14 14:14:27 - PHP Notice:  Undefined variable: sort in /home/c5597/public_html/www.rostavto.com/magazin/catalog/view/theme/default/template/module/brand_model_search.tpl on line 28
2014-11-14 14:14:27 - PHP Notice:  Undefined variable: order in /home/c5597/public_html/www.rostavto.com/magazin/catalog/view/theme/default/template/module/brand_model_search.tpl on line 28
2014-11-14 14:14:27 - PHP Notice:  Undefined variable: sort in /home/c5597/public_html/www.rostavto.com/magazin/catalog/view/theme/default/template/module/brand_model_search.tpl on line 28
2014-11-14 14:14:27 - PHP Notice:  Undefined variable: order in /home/c5597/public_html/www.rostavto.com/magazin/catalog/view/theme/default/template/module/brand_model_search.tpl on line 28
2014-11-14 14:14:27 - PHP Notice:  Undefined variable: compare in /home/c5597/public_html/www.rostavto.com/magazin/catalog/view/theme/default/template/module/brand_model_search.tpl on line 37
2014-11-14 14:15:08 - PHP Notice:  Undefined variable: limit in /home/c5597/public_html/www.rostavto.com/magazin/catalog/view/theme/default/template/module/brand_model_search.tpl on line 17
2014-11-14 14:15:08 - PHP Notice:  Undefined variable: limit in /home/c5597/public_html/www.rostavto.com/magazin/catalog/view/theme/default/template/module/brand_model_search.tpl on line 17
2014-11-14 14:15:08 - PHP Notice:  Undefined variable: limit in /home/c5597/public_html/www.rostavto.com/magazin/catalog/view/theme/default/template/module/brand_model_search.tpl on line 17
2014-11-14 14:15:08 - PHP Notice:  Undefined variable: limit in /home/c5597/public_html/www.rostavto.com/magazin/catalog/view/theme/default/template/module/brand_model_search.tpl on line 17
2014-11-14 14:15:08 - PHP Notice:  Undefined variable: limit in /home/c5597/public_html/www.rostavto.com/magazin/catalog/view/theme/default/template/module/brand_model_search.tpl on line 17
2014-11-14 14:15:08 - PHP Notice:  Undefined variable: sort in /home/c5597/public_html/www.rostavto.com/magazin/catalog/view/theme/default/template/module/brand_model_search.tpl on line 28
2014-11-14 14:15:08 - PHP Notice:  Undefined variable: order in /home/c5597/public_html/www.rostavto.com/magazin/catalog/view/theme/default/template/module/brand_model_search.tpl on line 28
2014-11-14 14:15:08 - PHP Notice:  Undefined variable: sort in /home/c5597/public_html/www.rostavto.com/magazin/catalog/view/theme/default/template/module/brand_model_search.tpl on line 28
2014-11-14 14:15:08 - PHP Notice:  Undefined variable: order in /home/c5597/public_html/www.rostavto.com/magazin/catalog/view/theme/default/template/module/brand_model_search.tpl on line 28
2014-11-14 14:15:08 - PHP Notice:  Undefined variable: sort in /home/c5597/public_html/www.rostavto.com/magazin/catalog/view/theme/default/template/module/brand_model_search.tpl on line 28
2014-11-14 14:15:08 - PHP Notice:  Undefined variable: order in /home/c5597/public_html/www.rostavto.com/magazin/catalog/view/theme/default/template/module/brand_model_search.tpl on line 28
2014-11-14 14:15:08 - PHP Notice:  Undefined variable: sort in /home/c5597/public_html/www.rostavto.com/magazin/catalog/view/theme/default/template/module/brand_model_search.tpl on line 28
2014-11-14 14:15:08 - PHP Notice:  Undefined variable: order in /home/c5597/public_html/www.rostavto.com/magazin/catalog/view/theme/default/template/module/brand_model_search.tpl on line 28
2014-11-14 14:15:08 - PHP Notice:  Undefined variable: sort in /home/c5597/public_html/www.rostavto.com/magazin/catalog/view/theme/default/template/module/brand_model_search.tpl on line 28
2014-11-14 14:15:08 - PHP Notice:  Undefined variable: order in /home/c5597/public_html/www.rostavto.com/magazin/catalog/view/theme/default/template/module/brand_model_search.tpl on line 28
2014-11-14 14:15:08 - PHP Notice:  Undefined variable: sort in /home/c5597/public_html/www.rostavto.com/magazin/catalog/view/theme/default/template/module/brand_model_search.tpl on line 28
2014-11-14 14:15:08 - PHP Notice:  Undefined variable: order in /home/c5597/public_html/www.rostavto.com/magazin/catalog/view/theme/default/template/module/brand_model_search.tpl on line 28
2014-11-14 14:15:08 - PHP Notice:  Undefined variable: sort in /home/c5597/public_html/www.rostavto.com/magazin/catalog/view/theme/default/template/module/brand_model_search.tpl on line 28
2014-11-14 14:15:08 - PHP Notice:  Undefined variable: order in /home/c5597/public_html/www.rostavto.com/magazin/catalog/view/theme/default/template/module/brand_model_search.tpl on line 28
2014-11-14 14:15:08 - PHP Notice:  Undefined variable: compare in /home/c5597/public_html/www.rostavto.com/magazin/catalog/view/theme/default/template/module/brand_model_search.tpl on line 37
