1370604129
JRegistry::__set_state(array(
   'data' => 
  stdClass::__set_state(array(
     'lastedit' => '1370604010',
     'theme' => 'aqua',
     'ImageWidth' => 941,
     'ImageHeight' => 424,
     'ImageEffect' => 'basic',
     'SlideshowDuration' => 9,
     'SlideshowDelay' => 25,
     'item_dir' => '-1',
     'item_path' => '/images/slider/1.jpg
/images/slider/2.jpg
/images/slider/3.jpg
/images/slider/4.jpg',
     'item_title' => '',
     'item_description' => '',
     'item_url' => '',
     'item_target' => '_blank',
     'AutoPlay' => 'true',
     'StopOnHover' => 'false',
     'OneLoop' => 'false',
     'Captions' => 'false',
     'Controls' => 'false',
     'ShowBullets' => 'true',
     'ShowTooltips' => 'false',
     'prevCaption' => '',
     'nextCaption' => '',
     'moduleclass_sfx' => '',
     'cache' => '1',
     'cache_time' => '900',
     'cachemode' => 'static',
     'jquery_source' => 'local',
     'jquery_version' => 'latest',
     'AppName' => 'Vinaora Nice Slideshow',
     'AppVersion' => '2.5.0',
     'GallerySuffix' => '101',
     'configPath' => 'J:\\home\\cms\\www\\media\\mod_vt_nice_slideshow\\config\\101',
     'ImgPath' => '/media/mod_vt_nice_slideshow/config/101',
     'backMarginsLeft' => 0,
     'backMarginsTop' => 0,
     'backMarginsRight' => 0,
     'backMarginsBottom' => 0,
     'Border' => 'none',
     'noFrame' => 'true',
     'TooltipPos' => 'top',
     'JSONList' => 0,
     'ImageFillColor' => '255,255,255',
     'PageBgColor' => '#d7d7d7',
  )),
))